Add Component: Footprint Not Found CONN_3020-40-0100-00_CNC
Added Component: Designator=P1(JST-S4B-XH-A(LF)(SN)_V)
Add component (AddParameter): Name = "ComponentLink1Description"; Value = "Manufacturer URL"; VariantName = "[No Variations]"
Add component (AddParameter): Name = "ComponentLink1URL"; Value = "http://www.jst.com/home2.html"; VariantName = "[No Variations]"
Add component (AddParameter): Name = "ComponentLink2Description"; Value = "Datasheet"; VariantName = "[No Variations]"
Add component (AddParameter): Name = "ComponentLink2URL"; Value = "http://www.jst-mfg.com/product/pdf/eng/eXH.pdf"; VariantName = "[No Variations]"
Add component (AddParameter): Name = "DatasheetVersion"; Value = "May-16"; VariantName = "[No Variations]"
Add component (AddParameter): Name = "PackageDescription"; Value = "Male Header, Pitch 2.5 mm, 1 x 4 Position, Height 6.1 mm, Tail Length 3.4 mm"; VariantName = "[No Variations]"
Add component (AddParameter): Name = "PackageReference"; Value = "S4B-XH-A(LF)(SN)"; VariantName = "[No Variations]"
Added Component: Designator=P2(JST-S4B-XH-A(LF)(SN)_V)
Add component (AddParameter): Name = "ComponentLink1Description"; Value = "Manufacturer URL"; VariantName = "[No Variations]"
Add component (AddParameter): Name = "ComponentLink1URL"; Value = "http://www.jst.com/home2.html"; VariantName = "[No Variations]"
Add component (AddParameter): Name = "ComponentLink2Description"; Value = "Datasheet"; VariantName = "[No Variations]"
Add component (AddParameter): Name = "ComponentLink2URL"; Value = "http://www.jst-mfg.com/product/pdf/eng/eXH.pdf"; VariantName = "[No Variations]"
Add component (AddParameter): Name = "DatasheetVersion"; Value = "May-16"; VariantName = "[No Variations]"
Add component (AddParameter): Name = "PackageDescription"; Value = "Male Header, Pitch 2.5 mm, 1 x 4 Position, Height 6.1 mm, Tail Length 3.4 mm"; VariantName = "[No Variations]"
Add component (AddParameter): Name = "PackageReference"; Value = "S4B-XH-A(LF)(SN)"; VariantName = "[No Variations]"
Add Pin To Net: Unknown Pin: Pin J3-1
Add Pin To Net: Unknown Pin: Pin J3-2
Add Pin To Net: Unknown Pin: Pin J3-3
Add Pin To Net: Unknown Pin: Pin J3-4
Add Pin To Net: Unknown Pin: Pin J3-5
Add Pin To Net: Unknown Pin: Pin J3-6
Add Pin To Net: Unknown Pin: Pin J3-23
Add Pin To Net: Unknown Pin: Pin J3-24
Add Pin To Net: Unknown Pin: Pin J3-25
Add Pin To Net: Unknown Pin: Pin J3-26
Add Pin To Net: Unknown Pin: Pin J3-29
Add Pin To Net: Unknown Pin: Pin J3-30
Add Pin To Net: Unknown Pin: Pin J3-31
Add Pin To Net: Unknown Pin: Pin J3-32
Add Pin To Net: Unknown Pin: Pin J3-33
Add Pin To Net: Unknown Pin: Pin J3-34
Add Pin To Net: Unknown Pin: Pin J3-35
Add Pin To Net: Unknown Pin: Pin J3-36
Add Pin To Net: Unknown Pin: Pin J3-37
Add Pin To Net: Unknown Pin: Pin J3-38
Add Pin To Net: Unknown Pin: Pin J3-39
Add Pin To Net: Unknown Pin: Pin J3-40
Added Pin To Net: NetName=SPI_0_MISO Pin=P1-1
Added Pin To Net: NetName=SPI_0_MOSI Pin=P1-2
Added Pin To Net: NetName=SPI_0_SCK Pin=P1-3
Added Pin To Net: NetName=SPI_0_CS Pin=P1-4
Added Pin To Net: NetName=SPI_1_MISO Pin=P2-1
Added Pin To Net: NetName=SPI_1_MOSI Pin=P2-2
Added Pin To Net: NetName=SPI_1_SCK Pin=P2-3
Added Pin To Net: NetName=SPI_1_CS Pin=P2-4
Add Class Member: Failed to add class member : Component J3 3020-40-0100-00
Added Member To Class: ClassName=BRGTC6_Dual_Daughter Member=Component P1 S4B-XH-A(LF)(SN)
Added Member To Class: ClassName=BRGTC6_Dual_Daughter Member=Component P2 S4B-XH-A(LF)(SN)
