Removed Pin From Net: NetName=CRED_MSG_UP_0 Pin=J1-A1
Removed Pin From Net: NetName=GND Pin=J1-A2
Removed Pin From Net: NetName=CRED_MSG_UP_1 Pin=J1-A3
Removed Pin From Net: NetName=CRED_MSG_UP_2 Pin=J1-A4
Removed Pin From Net: NetName=CRED_MSG_UP_5 Pin=J1-A5
Removed Pin From Net: NetName=CRED_MSG_UP_4 Pin=J1-A6
Removed Pin From Net: NetName=CRED_VAL_UP Pin=J1-A7
Removed Pin From Net: NetName=CRED_CRED_UP Pin=J1-A8
Removed Pin From Net: NetName=CRED_CRC_UP Pin=J1-A9
Removed Pin From Net: NetName=GND Pin=J1-A10
Removed Pin From Net: NetName=+VCORE Pin=J1-B1
Removed Pin From Net: NetName=GND Pin=J1-B2
Removed Pin From Net: NetName=+VIO/CLK Pin=J1-B3
Removed Pin From Net: NetName=CRED_MSG_UP_3 Pin=J1-B4
Removed Pin From Net: NetName=GND Pin=J1-B5
Removed Pin From Net: NetName=CRED_MSG_UP_7 Pin=J1-B6
Removed Pin From Net: NetName=CRED_CLK_UP Pin=J1-B7
Removed Pin From Net: NetName=CRED_RST_UP Pin=J1-B8
Removed Pin From Net: NetName=+VIO/CLK Pin=J1-B9
Removed Pin From Net: NetName=CRED_REPAIR_UP Pin=J1-B10
Removed Pin From Net: NetName=+VCORE Pin=J1-B11
Removed Pin From Net: NetName=GND Pin=J1-C1
Removed Pin From Net: NetName=+VIO/CLK Pin=J1-C2
Removed Pin From Net: NetName=+VIO/CLK Pin=J1-C5
Removed Pin From Net: NetName=CRED_MSG_UP_6 Pin=J1-C6
Removed Pin From Net: NetName=+VIO/CLK Pin=J1-C7
Removed Pin From Net: NetName=GND Pin=J1-C10
Removed Pin From Net: NetName=GND Pin=J1-C11
Removed Pin From Net: NetName=GND Pin=J1-D1
Removed Pin From Net: NetName=+VCORE Pin=J1-D2
Removed Pin From Net: NetName=+VCORE Pin=J1-D10
Removed Pin From Net: NetName=GND Pin=J1-D11
Removed Pin From Net: NetName=CLK_DBG Pin=J1-E1
Removed Pin From Net: NetName=+VIO/CLK Pin=J1-E2
Removed Pin From Net: NetName=+VIO/CLK Pin=J1-E3
Removed Pin From Net: NetName=SPI_0_MISO Pin=J1-E9
Removed Pin From Net: NetName=SPI_0_CS Pin=J1-E10
Removed Pin From Net: NetName=+VIO/CLK Pin=J1-E11
Removed Pin From Net: NetName=CLK Pin=J1-F1
Removed Pin From Net: NetName=RESET Pin=J1-F2
Removed Pin From Net: NetName=GND Pin=J1-F3
Removed Pin From Net: NetName=+VIO/CLK Pin=J1-F9
Removed Pin From Net: NetName=SPI_0_MOSI Pin=J1-F10
Removed Pin From Net: NetName=GND Pin=J1-F11
Removed Pin From Net: NetName=GND Pin=J1-G1
Removed Pin From Net: NetName=+VIO/CLK Pin=J1-G2
Removed Pin From Net: NetName=GND Pin=J1-G3
Removed Pin From Net: NetName=GND Pin=J1-G9
Removed Pin From Net: NetName=SPI_0_SCK Pin=J1-G10
Removed Pin From Net: NetName=GND Pin=J1-G11
Removed Pin From Net: NetName=GND Pin=J1-H1
Removed Pin From Net: NetName=+VCORE Pin=J1-H2
Removed Pin From Net: NetName=+VCORE Pin=J1-H10
Removed Pin From Net: NetName=GND Pin=J1-H11
Removed Pin From Net: NetName=GND Pin=J1-J1
Removed Pin From Net: NetName=+VIO/CLK Pin=J1-J2
Removed Pin From Net: NetName=CRED_MSG_DOWN_7 Pin=J1-J5
Removed Pin From Net: NetName=CRED_MSG_DOWN_6 Pin=J1-J6
Removed Pin From Net: NetName=GND Pin=J1-J7
Removed Pin From Net: NetName=+VIO/CLK Pin=J1-J10
Removed Pin From Net: NetName=GND Pin=J1-J11
Removed Pin From Net: NetName=GND Pin=J1-K1
Removed Pin From Net: NetName=CRED_REPAIR_DOWN Pin=J1-K2
Removed Pin From Net: NetName=+VIO/CLK Pin=J1-K3
Removed Pin From Net: NetName=CRED_RST_DOWN Pin=J1-K4
Removed Pin From Net: NetName=CRED_CLK_DOWN Pin=J1-K5
Removed Pin From Net: NetName=GND Pin=J1-K6
Removed Pin From Net: NetName=CRED_MSG_DOWN_4 Pin=J1-K7
Removed Pin From Net: NetName=CRED_MSG_DOWN_3 Pin=J1-K8
Removed Pin From Net: NetName=+VIO/CLK Pin=J1-K9
Removed Pin From Net: NetName=GND Pin=J1-K10
Removed Pin From Net: NetName=+VCORE Pin=J1-K11
Removed Pin From Net: NetName=GND Pin=J1-L1
Removed Pin From Net: NetName=+VIO/CLK Pin=J1-L2
Removed Pin From Net: NetName=CRED_CRC_DOWN Pin=J1-L3
Removed Pin From Net: NetName=CRED_CRED_DOWN Pin=J1-L4
Removed Pin From Net: NetName=CRED_VAL_DOWN Pin=J1-L5
Removed Pin From Net: NetName=+VIO/CLK Pin=J1-L6
Removed Pin From Net: NetName=CRED_MSG_DOWN_5 Pin=J1-L7
Removed Pin From Net: NetName=CRED_MSG_DOWN_2 Pin=J1-L8
Removed Pin From Net: NetName=CRED_MSG_DOWN_1 Pin=J1-L9
Removed Pin From Net: NetName=GND Pin=J1-L10
Removed Pin From Net: NetName=CRED_MSG_DOWN_0 Pin=J1-L11
Change Component Footprint: Designator=J1 Old Footprint=3M_200-6311-9UN-1900 New Footprint=CONN_3020-40-0100-00_CNC
Change Component Comment : Designator=J1 Old Comment=BRGTC6 New Comment=3020-40-0100-00
Change component parameters: Designator = "J1" ("J1"); Footprint = "3M_200-6311-9UN-1900"; UniqueID = "\UDBMHUGX" ("\UDBMHUGX")
Change component parameters (AddParameter): Name = "Mfr_Name"; Value = "CNC Tech"; VariantName = "[No Variations]"
Change component parameters (AddParameter): Name = "RefDes"; Value = "RefDes"; VariantName = "[No Variations]"
Change component parameters (AddParameter): Name = "Type"; Value = "Type"; VariantName = "[No Variations]"
Added Component: Designator=J(3M_200-6311-9UN-1900)
Add component (AddParameter): Name = "Digi-Key_Part_Number"; Value = "3M5067-ND"; VariantName = "[No Variations]"
Add component (AddParameter): Name = "Digi-Key_Purchase_URL"; Value = "https://www.digikey.com/product-detail/en/3m/200-6311-9UN-1900/3M5067-ND/1130121?utm_source=snapeda&utm_medium=aggregator&utm_campaign=symbol"; VariantName = "[No Variations]"
Add component (AddParameter): Name = "MF"; Value = "3M"; VariantName = "[No Variations]"
Add component (AddParameter): Name = "MP"; Value = "200-6311-9UN-1900"; VariantName = "[No Variations]"
Add component (AddParameter): Name = "Package"; Value = "None"; VariantName = "[No Variations]"
Add component (AddParameter): Name = "SnapEDA_Link"; Value = "https://www.snapeda.com/parts/200-6311-9UN-1900/3M%20_TC_/view-part/159310/?ref=snap"; VariantName = "[No Variations]"
Add component (AddParameter): Name = "Value"; Value = ""; VariantName = "[No Variations]"
Add Component: Footprint Not Found JST-S4B-XH-A(LF)(SN)_V
Added Pin To Net: NetName=GND Pin=J1-1
Added Pin To Net: NetName=CRED_REPAIR_DOWN Pin=J1-2
Added Pin To Net: NetName=CRED_RST_DOWN Pin=J1-3
Added Pin To Net: NetName=CRED_CRC_DOWN Pin=J1-4
Added Pin To Net: NetName=CRED_CRED_DOWN Pin=J1-5
Added Pin To Net: NetName=CRED_VAL_DOWN Pin=J1-6
Added Pin To Net: NetName=CRED_CLK_DOWN Pin=J1-7
Added Pin To Net: NetName=CRED_MSG_DOWN_7 Pin=J1-8
Added Pin To Net: NetName=CRED_MSG_DOWN_6 Pin=J1-9
Added Pin To Net: NetName=CRED_MSG_DOWN_5 Pin=J1-10
Added Pin To Net: NetName=CRED_MSG_DOWN_4 Pin=J1-11
Added Pin To Net: NetName=CRED_MSG_DOWN_3 Pin=J1-12
Added Pin To Net: NetName=CRED_MSG_DOWN_2 Pin=J1-13
Added Pin To Net: NetName=CRED_MSG_DOWN_1 Pin=J1-14
Added Pin To Net: NetName=CRED_MSG_DOWN_0 Pin=J1-15
Added Pin To Net: NetName=CRED_REPAIR_UP Pin=J1-16
Added Pin To Net: NetName=CRED_RST_UP Pin=J1-17
Added Pin To Net: NetName=CRED_CRC_UP Pin=J1-18
Added Pin To Net: NetName=CRED_CRED_UP Pin=J1-19
Added Pin To Net: NetName=CRED_VAL_UP Pin=J1-20
Added Pin To Net: NetName=CRED_CLK_UP Pin=J1-21
Added Pin To Net: NetName=CRED_MSG_UP_7 Pin=J1-22
Added Pin To Net: NetName=CRED_MSG_UP_6 Pin=J1-23
Added Pin To Net: NetName=CRED_MSG_UP_5 Pin=J1-24
Added Pin To Net: NetName=CRED_MSG_UP_4 Pin=J1-25
Added Pin To Net: NetName=CRED_MSG_UP_3 Pin=J1-26
Added Pin To Net: NetName=CRED_MSG_UP_2 Pin=J1-27
Added Pin To Net: NetName=CRED_MSG_UP_1 Pin=J1-28
Added Pin To Net: NetName=CRED_MSG_UP_0 Pin=J1-29
Added Pin To Net: NetName=RESET Pin=J1-30
Added Pin To Net: NetName=SPI_0_CS Pin=J1-31
Added Pin To Net: NetName=SPI_0_MISO Pin=J1-32
Added Pin To Net: NetName=SPI_0_MOSI Pin=J1-33
Added Pin To Net: NetName=SPI_0_SCK Pin=J1-34
Added Pin To Net: NetName=GND Pin=J1-35
Added Pin To Net: NetName=GND Pin=J1-36
Added Pin To Net: NetName=+VIO/CLK Pin=J1-37
Added Pin To Net: NetName=+VIO/CLK Pin=J1-38
Added Pin To Net: NetName=+VCORE Pin=J1-39
Added Pin To Net: NetName=+VCORE Pin=J1-40
Added Pin To Net: NetName=CRED_MSG_UP_0 Pin=J-A1
Added Pin To Net: NetName=GND Pin=J-A2
Added Pin To Net: NetName=CRED_MSG_UP_1 Pin=J-A3
Added Pin To Net: NetName=CRED_MSG_UP_2 Pin=J-A4
Added Pin To Net: NetName=CRED_MSG_UP_5 Pin=J-A5
Added Pin To Net: NetName=CRED_MSG_UP_4 Pin=J-A6
Added Pin To Net: NetName=CRED_VAL_UP Pin=J-A7
Added Pin To Net: NetName=CRED_CRED_UP Pin=J-A8
Added Pin To Net: NetName=CRED_CRC_UP Pin=J-A9
Added Pin To Net: NetName=GND Pin=J-A10
Added Pin To Net: NetName=+VCORE Pin=J-B1
Added Pin To Net: NetName=GND Pin=J-B2
Added Pin To Net: NetName=+VIO/CLK Pin=J-B3
Added Pin To Net: NetName=CRED_MSG_UP_3 Pin=J-B4
Added Pin To Net: NetName=GND Pin=J-B5
Added Pin To Net: NetName=CRED_MSG_UP_7 Pin=J-B6
Added Pin To Net: NetName=CRED_CLK_UP Pin=J-B7
Added Pin To Net: NetName=CRED_RST_UP Pin=J-B8
Added Pin To Net: NetName=+VIO/CLK Pin=J-B9
Added Pin To Net: NetName=CRED_REPAIR_UP Pin=J-B10
Added Pin To Net: NetName=+VCORE Pin=J-B11
Added Pin To Net: NetName=GND Pin=J-C1
Added Pin To Net: NetName=+VIO/CLK Pin=J-C2
Added Pin To Net: NetName=+VIO/CLK Pin=J-C5
Added Pin To Net: NetName=CRED_MSG_UP_6 Pin=J-C6
Added Pin To Net: NetName=+VIO/CLK Pin=J-C7
Added Pin To Net: NetName=GND Pin=J-C10
Added Pin To Net: NetName=GND Pin=J-C11
Added Pin To Net: NetName=GND Pin=J-D1
Added Pin To Net: NetName=+VCORE Pin=J-D2
Added Pin To Net: NetName=+VCORE Pin=J-D10
Added Pin To Net: NetName=GND Pin=J-D11
Added Pin To Net: NetName=CLK_DBG Pin=J-E1
Added Pin To Net: NetName=+VIO/CLK Pin=J-E2
Added Pin To Net: NetName=+VIO/CLK Pin=J-E3
Added Pin To Net: NetName=SPI_0_MISO Pin=J-E9
Added Pin To Net: NetName=SPI_0_CS Pin=J-E10
Added Pin To Net: NetName=+VIO/CLK Pin=J-E11
Added Pin To Net: NetName=CLK Pin=J-F1
Added Pin To Net: NetName=RESET Pin=J-F2
Added Pin To Net: NetName=GND Pin=J-F3
Added Pin To Net: NetName=+VIO/CLK Pin=J-F9
Added Pin To Net: NetName=SPI_0_MOSI Pin=J-F10
Added Pin To Net: NetName=GND Pin=J-F11
Added Pin To Net: NetName=GND Pin=J-G1
Added Pin To Net: NetName=+VIO/CLK Pin=J-G2
Added Pin To Net: NetName=GND Pin=J-G3
Added Pin To Net: NetName=GND Pin=J-G9
Added Pin To Net: NetName=SPI_0_SCK Pin=J-G10
Added Pin To Net: NetName=GND Pin=J-G11
Added Pin To Net: NetName=GND Pin=J-H1
Added Pin To Net: NetName=+VCORE Pin=J-H2
Added Pin To Net: NetName=+VCORE Pin=J-H10
Added Pin To Net: NetName=GND Pin=J-H11
Added Pin To Net: NetName=GND Pin=J-J1
Added Pin To Net: NetName=+VIO/CLK Pin=J-J2
Added Pin To Net: NetName=CRED_MSG_DOWN_7 Pin=J-J5
Added Pin To Net: NetName=CRED_MSG_DOWN_6 Pin=J-J6
Added Pin To Net: NetName=GND Pin=J-J7
Added Pin To Net: NetName=+VIO/CLK Pin=J-J10
Added Pin To Net: NetName=GND Pin=J-J11
Added Pin To Net: NetName=GND Pin=J-K1
Added Pin To Net: NetName=CRED_REPAIR_DOWN Pin=J-K2
Added Pin To Net: NetName=+VIO/CLK Pin=J-K3
Added Pin To Net: NetName=CRED_RST_DOWN Pin=J-K4
Added Pin To Net: NetName=CRED_CLK_DOWN Pin=J-K5
Added Pin To Net: NetName=GND Pin=J-K6
Added Pin To Net: NetName=CRED_MSG_DOWN_4 Pin=J-K7
Added Pin To Net: NetName=CRED_MSG_DOWN_3 Pin=J-K8
Added Pin To Net: NetName=+VIO/CLK Pin=J-K9
Added Pin To Net: NetName=GND Pin=J-K10
Added Pin To Net: NetName=+VCORE Pin=J-K11
Added Pin To Net: NetName=GND Pin=J-L1
Added Pin To Net: NetName=+VIO/CLK Pin=J-L2
Added Pin To Net: NetName=CRED_CRC_DOWN Pin=J-L3
Added Pin To Net: NetName=CRED_CRED_DOWN Pin=J-L4
Added Pin To Net: NetName=CRED_VAL_DOWN Pin=J-L5
Added Pin To Net: NetName=+VIO/CLK Pin=J-L6
Added Pin To Net: NetName=CRED_MSG_DOWN_5 Pin=J-L7
Added Pin To Net: NetName=CRED_MSG_DOWN_2 Pin=J-L8
Added Pin To Net: NetName=CRED_MSG_DOWN_1 Pin=J-L9
Added Pin To Net: NetName=GND Pin=J-L10
Added Pin To Net: NetName=CRED_MSG_DOWN_0 Pin=J-L11
Add Pin To Net: Unknown Pin: Pin P1-1
Add Pin To Net: Unknown Pin: Pin P1-2
Add Pin To Net: Unknown Pin: Pin P1-3
Add Pin To Net: Unknown Pin: Pin P1-4
Added Member To Class: ClassName=BRG_Daughter_Single Member=Component J BRGTC6
Add Class Member: Failed to add class member : Component P1 S4B-XH-A(LF)(SN)
